Determining if the pthread_create exist failed with the following output:
Change Dir: /home/reu-cat/catvehicle_ws/build/CMakeFiles/CMakeTmp

Run Build Command:"/usr/bin/make" "cmTC_4448e/fast"
/usr/bin/make -f CMakeFiles/cmTC_4448e.dir/build.make CMakeFiles/cmTC_4448e.dir/build
make[1]: Entering directory '/home/reu-cat/catvehicle_ws/build/CMakeFiles/CMakeTmp'
Building C object CMakeFiles/cmTC_4448e.dir/CheckSymbolExists.c.o
/usr/bin/cc    -o CMakeFiles/cmTC_4448e.dir/CheckSymbolExists.c.o   -c /home/reu-cat/catvehicle_ws/build/CMakeFiles/CMakeTmp/CheckSymbolExists.c
Linking C executable cmTC_4448e
/usr/bin/cmake -E cmake_link_script CMakeFiles/cmTC_4448e.dir/link.txt --verbose=1
/usr/bin/cc      -rdynamic CMakeFiles/cmTC_4448e.dir/CheckSymbolExists.c.o  -o cmTC_4448e 
CMakeFiles/cmTC_4448e.dir/CheckSymbolExists.c.o: In function `main':
CheckSymbolExists.c:(.text+0x1b): undefined reference to `pthread_create'
collect2: error: ld returned 1 exit status
CMakeFiles/cmTC_4448e.dir/build.make:97: recipe for target 'cmTC_4448e' failed
make[1]: *** [cmTC_4448e] Error 1
make[1]: Leaving directory '/home/reu-cat/catvehicle_ws/build/CMakeFiles/CMakeTmp'
Makefile:126: recipe for target 'cmTC_4448e/fast' failed
make: *** [cmTC_4448e/fast] Error 2

File /home/reu-cat/catvehicle_ws/build/CMakeFiles/CMakeTmp/CheckSymbolExists.c:
/* */
#include <pthread.h>

int main(int argc, char** argv)
{
  (void)argv;
#ifndef pthread_create
  return ((int*)(&pthread_create))[argc];
#else
  (void)argc;
  return 0;
#endif
}

Determining if the function pthread_create exists in the pthreads failed with the following output:
Change Dir: /home/reu-cat/catvehicle_ws/build/CMakeFiles/CMakeTmp

Run Build Command:"/usr/bin/make" "cmTC_27222/fast"
/usr/bin/make -f CMakeFiles/cmTC_27222.dir/build.make CMakeFiles/cmTC_27222.dir/build
make[1]: Entering directory '/home/reu-cat/catvehicle_ws/build/CMakeFiles/CMakeTmp'
Building C object CMakeFiles/cmTC_27222.dir/CheckFunctionExists.c.o
/usr/bin/cc   -DCHECK_FUNCTION_EXISTS=pthread_create   -o CMakeFiles/cmTC_27222.dir/CheckFunctionExists.c.o   -c /usr/share/cmake-3.10/Modules/CheckFunctionExists.c
Linking C executable cmTC_27222
/usr/bin/cmake -E cmake_link_script CMakeFiles/cmTC_27222.dir/link.txt --verbose=1
/usr/bin/cc  -DCHECK_FUNCTION_EXISTS=pthread_create    -rdynamic CMakeFiles/cmTC_27222.dir/CheckFunctionExists.c.o  -o cmTC_27222 -lpthreads 
/usr/bin/ld: cannot find -lpthreads
collect2: error: ld returned 1 exit status
CMakeFiles/cmTC_27222.dir/build.make:97: recipe for target 'cmTC_27222' failed
make[1]: *** [cmTC_27222] Error 1
make[1]: Leaving directory '/home/reu-cat/catvehicle_ws/build/CMakeFiles/CMakeTmp'
Makefile:126: recipe for target 'cmTC_27222/fast' failed
make: *** [cmTC_27222/fast] Error 2


